2025-08-26 22:25:02.622 | INFO     | utils.utils_logger:<module>:38 - Logging to file: logs\project_log.log
2025-08-26 22:25:02.622 | INFO     | __main__:main:68 - START...
2025-08-26 22:25:02.622 | INFO     | __main__:main:74 - Reading file located at logs\project_log.log.
2025-08-30 13:25:08.834 | INFO     | utils.utils_logger:<module>:38 - Logging to file: logs\project_log.log
2025-08-30 13:25:08.835 | INFO     | __main__:main:68 - START...
2025-08-30 13:25:08.835 | INFO     | __main__:main:74 - Reading file located at logs\project_log.log.
2025-08-30 13:30:40.313 | INFO     | utils.utils_logger:<module>:38 - Logging to file: logs\project_log.log
2025-08-30 13:30:40.314 | INFO     | __main__:main:68 - START...
2025-08-30 13:30:40.314 | INFO     | __main__:main:74 - Reading file located at logs\project_log.log.
2025-08-31 21:27:14.218 | INFO     | utils.utils_logger:<module>:38 - Logging to file: logs\project_log.log
2025-08-31 21:27:14.220 | INFO     | __main__:main:106 - START producer...
2025-08-31 21:27:14.220 | INFO     | __main__:main:107 - Hit CTRL c (or CMD c) to close.
2025-08-31 21:27:14.221 | INFO     | __main__:get_message_interval:53 - Messages will be sent every 3 seconds.
2025-08-31 21:27:14.221 | INFO     | __main__:main:114 - I just loved a trick! It was funny.
2025-08-31 21:27:17.221 | INFO     | __main__:main:114 - I just saw a meme! It was funny.
2025-08-31 21:27:20.223 | INFO     | __main__:main:114 - I just saw a trick! It was exciting.
2025-08-31 21:27:23.225 | INFO     | __main__:main:114 - I just tried an app! It was exciting.
2025-08-31 21:27:26.226 | INFO     | __main__:main:114 - I just tried a trick! It was boring.
2025-08-31 21:27:29.228 | INFO     | __main__:main:114 - I just shared a meme! It was funny.
2025-08-31 21:27:32.229 | INFO     | __main__:main:114 - I just tried a meme! It was amazing.
2025-08-31 21:27:35.231 | INFO     | __main__:main:114 - I just shared a movie! It was exciting.
2025-08-31 21:27:38.231 | INFO     | __main__:main:114 - I just found a movie! It was exciting.
2025-08-31 21:27:41.232 | INFO     | __main__:main:114 - I just tried a story! It was exciting.
2025-08-31 21:27:44.233 | INFO     | __main__:main:114 - I just found a trick! It was amazing.
2025-08-31 21:27:47.234 | INFO     | __main__:main:114 - I just loved an app! It was funny.
2025-08-31 21:27:50.235 | INFO     | __main__:main:114 - I just shared a movie! It was boring.
2025-08-31 21:27:53.236 | INFO     | __main__:main:114 - I just saw a meme! It was funny.
2025-08-31 21:27:56.238 | INFO     | __main__:main:114 - I just tried a story! It was funny.
2025-08-31 21:27:59.239 | INFO     | __main__:main:114 - I just shared a meme! It was funny.
2025-08-31 21:28:02.240 | INFO     | __main__:main:114 - I just saw a meme! It was weird.
2025-08-31 21:28:05.241 | INFO     | __main__:main:114 - I just saw a story! It was amazing.
2025-08-31 21:28:08.243 | INFO     | __main__:main:114 - I just tried a story! It was weird.
2025-08-31 21:28:11.244 | INFO     | __main__:main:114 - I just tried a story! It was boring.
2025-08-31 21:28:14.246 | INFO     | __main__:main:114 - I just saw a movie! It was funny.
2025-08-31 21:28:17.247 | INFO     | __main__:main:114 - I just found a meme! It was boring.
2025-08-31 21:28:20.248 | INFO     | __main__:main:114 - I just tried a trick! It was weird.
2025-08-31 21:28:23.250 | INFO     | __main__:main:114 - I just saw a meme! It was weird.
2025-08-31 21:28:26.251 | INFO     | __main__:main:114 - I just loved an app! It was weird.
2025-08-31 21:28:29.251 | INFO     | __main__:main:114 - I just found a meme! It was exciting.
2025-08-31 21:28:32.253 | INFO     | __main__:main:114 - I just shared a movie! It was exciting.
2025-08-31 21:28:35.254 | INFO     | __main__:main:114 - I just found an app! It was weird.
2025-08-31 21:28:38.256 | INFO     | __main__:main:114 - I just saw a trick! It was boring.
2025-08-31 21:28:39.219 | INFO     | utils.utils_logger:<module>:38 - Logging to file: logs\project_log.log
2025-08-31 21:28:39.219 | INFO     | __main__:main:68 - START...
2025-08-31 21:28:39.219 | INFO     | __main__:main:74 - Reading file located at logs\project_log.log.
2025-08-31 21:28:41.256 | INFO     | __main__:main:114 - I just tried a movie! It was weird.
2025-08-31 21:28:44.258 | INFO     | __main__:main:114 - I just loved an app! It was boring.
2025-08-31 21:28:47.259 | INFO     | __main__:main:114 - I just tried a trick! It was exciting.
2025-08-31 21:28:50.260 | INFO     | __main__:main:114 - I just shared a meme! It was exciting.
2025-08-31 21:28:53.260 | INFO     | __main__:main:114 - I just saw a movie! It was boring.
2025-08-31 21:28:56.261 | INFO     | __main__:main:114 - I just saw a movie! It was funny.
2025-08-31 21:28:59.262 | INFO     | __main__:main:114 - I just shared an app! It was boring.
2025-08-31 21:29:02.263 | INFO     | __main__:main:114 - I just shared a meme! It was funny.
2025-08-31 21:29:05.265 | INFO     | __main__:main:114 - I just loved a story! It was exciting.
2025-08-31 21:29:08.266 | INFO     | __main__:main:114 - I just shared a trick! It was boring.
2025-08-31 21:29:11.268 | INFO     | __main__:main:114 - I just saw a trick! It was amazing.
2025-08-31 21:29:14.269 | INFO     | __main__:main:114 - I just loved an app! It was boring.
2025-08-31 21:29:17.271 | INFO     | __main__:main:114 - I just found a story! It was funny.
2025-08-31 21:29:20.272 | INFO     | __main__:main:114 - I just loved a trick! It was exciting.
2025-08-31 21:29:23.273 | INFO     | __main__:main:114 - I just shared an app! It was weird.
2025-08-31 21:29:26.275 | INFO     | __main__:main:114 - I just loved a trick! It was amazing.
2025-08-31 21:29:29.278 | INFO     | __main__:main:114 - I just tried a trick! It was weird.
2025-08-31 21:29:32.279 | INFO     | __main__:main:114 - I just shared an app! It was amazing.
2025-08-31 21:29:35.280 | INFO     | __main__:main:114 - I just saw a movie! It was boring.
2025-08-31 21:29:38.282 | INFO     | __main__:main:114 - I just saw a meme! It was boring.
2025-08-31 21:29:41.283 | INFO     | __main__:main:114 - I just loved a movie! It was boring.
2025-08-31 21:29:44.284 | INFO     | __main__:main:114 - I just saw a story! It was exciting.
2025-08-31 21:29:47.285 | INFO     | __main__:main:114 - I just loved a trick! It was boring.
2025-08-31 21:29:50.286 | INFO     | __main__:main:114 - I just tried a meme! It was amazing.
2025-08-31 21:29:53.288 | INFO     | __main__:main:114 - I just shared a trick! It was funny.
2025-08-31 21:29:56.290 | INFO     | __main__:main:114 - I just loved a trick! It was funny.
2025-08-31 21:29:59.290 | INFO     | __main__:main:114 - I just loved a meme! It was boring.
2025-08-31 21:30:02.331 | INFO     | __main__:main:114 - I just saw an app! It was weird.
2025-08-31 21:30:05.353 | INFO     | __main__:main:114 - I just loved an app! It was weird.
2025-08-31 21:30:08.354 | INFO     | __main__:main:114 - I just shared a movie! It was amazing.
2025-08-31 21:30:11.355 | INFO     | __main__:main:114 - I just found an app! It was boring.
2025-08-31 21:30:14.356 | INFO     | __main__:main:114 - I just saw a trick! It was weird.
2025-08-31 21:30:17.357 | INFO     | __main__:main:114 - I just shared a movie! It was amazing.
2025-08-31 21:30:20.359 | INFO     | __main__:main:114 - I just saw a story! It was boring.
2025-08-31 21:30:23.359 | INFO     | __main__:main:114 - I just loved a trick! It was amazing.
2025-08-31 21:30:26.361 | INFO     | __main__:main:114 - I just tried a story! It was exciting.
2025-08-31 21:30:29.362 | INFO     | __main__:main:114 - I just shared an app! It was boring.
2025-08-31 21:30:32.363 | INFO     | __main__:main:114 - I just saw a meme! It was amazing.
2025-08-31 21:30:35.365 | INFO     | __main__:main:114 - I just found a meme! It was amazing.
2025-08-31 21:30:38.366 | INFO     | __main__:main:114 - I just loved a meme! It was weird.
2025-08-31 21:30:41.368 | INFO     | __main__:main:114 - I just saw a meme! It was weird.
2025-08-31 21:30:44.369 | INFO     | __main__:main:114 - I just shared an app! It was amazing.
2025-08-31 21:30:47.371 | INFO     | __main__:main:114 - I just loved a story! It was exciting.
2025-08-31 21:30:50.373 | INFO     | __main__:main:114 - I just shared a movie! It was boring.
2025-08-31 21:30:53.374 | INFO     | __main__:main:114 - I just shared a movie! It was exciting.
2025-08-31 21:30:56.376 | INFO     | __main__:main:114 - I just tried a story! It was weird.
2025-08-31 21:30:59.377 | INFO     | __main__:main:114 - I just loved a trick! It was boring.
2025-08-31 21:31:02.379 | INFO     | __main__:main:114 - I just saw a trick! It was boring.
2025-08-31 21:31:05.380 | INFO     | __main__:main:114 - I just found a movie! It was exciting.
2025-08-31 21:31:08.382 | INFO     | __main__:main:114 - I just found an app! It was amazing.
2025-08-31 21:31:11.383 | INFO     | __main__:main:114 - I just shared a movie! It was exciting.
2025-08-31 21:31:14.385 | INFO     | __main__:main:114 - I just loved a movie! It was weird.
2025-08-31 21:31:17.386 | INFO     | __main__:main:114 - I just found a movie! It was boring.
2025-08-31 21:31:20.388 | INFO     | __main__:main:114 - I just loved a meme! It was amazing.
2025-08-31 21:31:23.389 | INFO     | __main__:main:114 - I just tried an app! It was weird.
2025-08-31 21:31:26.390 | INFO     | __main__:main:114 - I just tried a movie! It was amazing.
2025-08-31 21:31:29.391 | INFO     | __main__:main:114 - I just saw a meme! It was funny.
2025-08-31 21:31:32.392 | INFO     | __main__:main:114 - I just tried a story! It was boring.
2025-08-31 21:31:35.394 | INFO     | __main__:main:114 - I just shared a trick! It was funny.
2025-08-31 21:31:38.395 | INFO     | __main__:main:114 - I just loved a movie! It was amazing.
2025-08-31 21:31:41.397 | INFO     | __main__:main:114 - I just tried a movie! It was weird.
2025-08-31 21:31:44.399 | INFO     | __main__:main:114 - I just found a story! It was funny.
2025-08-31 21:31:47.399 | INFO     | __main__:main:114 - I just saw an app! It was weird.
2025-08-31 21:31:50.400 | INFO     | __main__:main:114 - I just tried a movie! It was exciting.
2025-08-31 21:31:53.401 | INFO     | __main__:main:114 - I just tried an app! It was exciting.
2025-08-31 21:31:56.402 | INFO     | __main__:main:114 - I just tried a story! It was exciting.
2025-08-31 21:31:59.403 | INFO     | __main__:main:114 - I just found a movie! It was weird.
2025-08-31 21:32:02.404 | INFO     | __main__:main:114 - I just found a trick! It was weird.
2025-08-31 21:32:05.405 | INFO     | __main__:main:114 - I just found a story! It was weird.
2025-08-31 21:32:08.406 | INFO     | __main__:main:114 - I just shared a trick! It was amazing.
2025-08-31 21:32:11.408 | INFO     | __main__:main:114 - I just shared an app! It was weird.
2025-08-31 21:32:14.409 | INFO     | __main__:main:114 - I just shared a meme! It was weird.
2025-08-31 21:32:17.410 | INFO     | __main__:main:114 - I just shared a trick! It was boring.
2025-08-31 21:32:20.411 | INFO     | __main__:main:114 - I just shared a story! It was funny.
2025-08-31 21:32:23.412 | INFO     | __main__:main:114 - I just saw a story! It was weird.
2025-08-31 21:32:26.413 | INFO     | __main__:main:114 - I just tried a story! It was weird.
2025-08-31 21:32:29.415 | INFO     | __main__:main:114 - I just saw a story! It was funny.
2025-08-31 21:32:32.415 | INFO     | __main__:main:114 - I just shared a movie! It was boring.
2025-08-31 21:32:35.416 | INFO     | __main__:main:114 - I just loved a trick! It was funny.
2025-08-31 21:32:38.423 | INFO     | __main__:main:114 - I just shared a story! It was funny.
2025-08-31 21:32:41.426 | INFO     | __main__:main:114 - I just found a movie! It was funny.
2025-08-31 21:32:44.427 | INFO     | __main__:main:114 - I just tried a movie! It was weird.
2025-08-31 21:32:47.428 | INFO     | __main__:main:114 - I just saw an app! It was boring.
2025-08-31 21:32:50.429 | INFO     | __main__:main:114 - I just loved a trick! It was weird.
2025-08-31 21:32:53.430 | INFO     | __main__:main:114 - I just found an app! It was exciting.
2025-08-31 21:32:56.431 | INFO     | __main__:main:114 - I just tried an app! It was funny.
2025-08-31 21:32:59.433 | INFO     | __main__:main:114 - I just loved a meme! It was amazing.
2025-08-31 21:33:02.433 | INFO     | __main__:main:114 - I just tried an app! It was weird.
2025-08-31 21:33:05.434 | INFO     | __main__:main:114 - I just shared an app! It was amazing.
2025-08-31 21:33:08.436 | INFO     | __main__:main:114 - I just tried a trick! It was weird.
2025-08-31 21:33:11.436 | INFO     | __main__:main:114 - I just found a meme! It was exciting.
2025-08-31 21:33:14.437 | INFO     | __main__:main:114 - I just loved a story! It was weird.
2025-08-31 21:33:16.318 | INFO     | __main__:main:85 - END.....
2025-08-31 21:33:17.437 | INFO     | __main__:main:114 - I just found an app! It was amazing.
2025-08-31 21:33:20.438 | INFO     | __main__:main:114 - I just found a story! It was weird.
2025-08-31 21:33:23.439 | INFO     | __main__:main:114 - I just shared a story! It was exciting.
2025-08-31 21:33:26.441 | INFO     | __main__:main:114 - I just found a meme! It was weird.
2025-08-31 21:33:29.443 | INFO     | __main__:main:114 - I just shared a movie! It was weird.
2025-08-31 21:33:32.445 | INFO     | __main__:main:114 - I just saw a meme! It was exciting.
2025-08-31 21:33:35.445 | INFO     | __main__:main:114 - I just tried a movie! It was amazing.
2025-08-31 21:33:38.446 | INFO     | __main__:main:114 - I just shared a trick! It was amazing.
2025-08-31 21:33:41.448 | INFO     | __main__:main:114 - I just saw a trick! It was boring.
2025-08-31 21:33:44.449 | INFO     | __main__:main:114 - I just shared a movie! It was weird.
2025-08-31 21:33:47.450 | INFO     | __main__:main:114 - I just shared a trick! It was boring.
2025-08-31 21:33:50.451 | INFO     | __main__:main:114 - I just loved an app! It was amazing.
2025-08-31 21:33:53.453 | INFO     | __main__:main:114 - I just loved an app! It was exciting.
2025-08-31 21:33:56.454 | INFO     | __main__:main:114 - I just tried a story! It was boring.
2025-08-31 21:33:59.455 | INFO     | __main__:main:114 - I just loved an app! It was weird.
2025-08-31 21:34:02.457 | INFO     | __main__:main:114 - I just tried a meme! It was boring.
2025-08-31 21:34:05.458 | INFO     | __main__:main:114 - I just found a story! It was amazing.
2025-08-31 21:34:08.459 | INFO     | __main__:main:114 - I just tried an app! It was amazing.
2025-08-31 21:34:11.461 | INFO     | __main__:main:114 - I just saw a trick! It was exciting.
2025-08-31 21:34:14.462 | INFO     | __main__:main:114 - I just loved a meme! It was weird.
2025-08-31 21:34:17.464 | INFO     | __main__:main:114 - I just shared a trick! It was boring.
2025-08-31 21:34:20.465 | INFO     | __main__:main:114 - I just saw a meme! It was funny.
2025-08-31 21:34:23.466 | INFO     | __main__:main:114 - I just found a story! It was amazing.
2025-08-31 21:34:26.467 | INFO     | __main__:main:114 - I just saw a story! It was funny.
2025-08-31 21:34:29.468 | INFO     | __main__:main:114 - I just loved a trick! It was amazing.
2025-08-31 21:34:32.470 | INFO     | __main__:main:114 - I just found a story! It was weird.
2025-08-31 21:34:35.471 | INFO     | __main__:main:114 - I just found an app! It was funny.
2025-08-31 21:34:38.473 | INFO     | __main__:main:114 - I just found a story! It was funny.
2025-08-31 21:34:41.474 | INFO     | __main__:main:114 - I just tried a story! It was amazing.
2025-08-31 21:34:44.475 | INFO     | __main__:main:114 - I just saw an app! It was exciting.
2025-08-31 21:34:47.476 | INFO     | __main__:main:114 - I just found a meme! It was amazing.
2025-08-31 21:34:50.478 | INFO     | __main__:main:114 - I just found a movie! It was boring.
2025-08-31 21:34:53.479 | INFO     | __main__:main:114 - I just saw a story! It was amazing.
2025-08-31 21:34:56.480 | INFO     | __main__:main:114 - I just loved a movie! It was funny.
2025-08-31 21:34:59.481 | INFO     | __main__:main:114 - I just tried a trick! It was funny.
2025-08-31 21:35:02.482 | INFO     | __main__:main:114 - I just shared a meme! It was exciting.
2025-08-31 21:35:05.483 | INFO     | __main__:main:114 - I just shared a movie! It was exciting.
2025-08-31 21:35:08.484 | INFO     | __main__:main:114 - I just shared a meme! It was amazing.
2025-08-31 21:35:11.486 | INFO     | __main__:main:114 - I just saw an app! It was weird.
2025-08-31 21:35:14.487 | INFO     | __main__:main:114 - I just shared an app! It was amazing.
2025-08-31 21:35:17.488 | INFO     | __main__:main:114 - I just shared a meme! It was boring.
2025-08-31 21:35:20.489 | INFO     | __main__:main:114 - I just loved a story! It was weird.
2025-08-31 21:35:23.491 | INFO     | __main__:main:114 - I just loved a meme! It was weird.
2025-08-31 21:35:26.492 | INFO     | __main__:main:114 - I just found a trick! It was amazing.
2025-08-31 21:35:29.493 | INFO     | __main__:main:114 - I just shared an app! It was funny.
2025-08-31 21:35:32.494 | INFO     | __main__:main:114 - I just loved a story! It was amazing.
2025-08-31 21:35:35.496 | INFO     | __main__:main:114 - I just tried a meme! It was weird.
2025-08-31 21:35:38.498 | INFO     | __main__:main:114 - I just tried a story! It was amazing.
2025-08-31 21:35:41.499 | INFO     | __main__:main:114 - I just shared a trick! It was boring.
2025-08-31 21:35:44.499 | INFO     | __main__:main:114 - I just shared a movie! It was weird.
2025-08-31 21:35:47.500 | INFO     | __main__:main:114 - I just found a trick! It was funny.
2025-08-31 21:35:50.502 | INFO     | __main__:main:114 - I just shared a trick! It was amazing.
2025-08-31 21:35:53.503 | INFO     | __main__:main:114 - I just saw a meme! It was funny.
2025-08-31 21:35:56.504 | INFO     | __main__:main:114 - I just saw a trick! It was amazing.
2025-08-31 21:35:59.506 | INFO     | __main__:main:114 - I just loved a movie! It was boring.
2025-08-31 21:36:02.508 | INFO     | __main__:main:114 - I just loved a movie! It was funny.
2025-08-31 21:36:05.509 | INFO     | __main__:main:114 - I just tried a story! It was boring.
2025-08-31 21:36:08.511 | INFO     | __main__:main:114 - I just tried a trick! It was weird.
2025-08-31 21:36:11.512 | INFO     | __main__:main:114 - I just found a story! It was funny.
2025-08-31 21:36:14.514 | INFO     | __main__:main:114 - I just saw a story! It was boring.
2025-08-31 21:36:17.516 | INFO     | __main__:main:114 - I just found a story! It was boring.
2025-08-31 21:36:20.518 | INFO     | __main__:main:114 - I just shared a movie! It was boring.
2025-08-31 21:36:23.519 | INFO     | __main__:main:114 - I just shared a trick! It was boring.
2025-08-31 21:36:26.520 | INFO     | __main__:main:114 - I just shared a meme! It was amazing.
2025-08-31 21:36:29.522 | INFO     | __main__:main:114 - I just found a trick! It was exciting.
2025-08-31 21:36:32.523 | INFO     | __main__:main:114 - I just found a meme! It was amazing.
2025-08-31 21:36:35.525 | INFO     | __main__:main:114 - I just tried a meme! It was weird.
2025-08-31 21:36:38.527 | INFO     | __main__:main:114 - I just saw a story! It was exciting.
2025-08-31 21:36:41.528 | INFO     | __main__:main:114 - I just loved a movie! It was exciting.
2025-08-31 21:36:44.530 | INFO     | __main__:main:114 - I just saw a meme! It was amazing.
2025-08-31 21:36:47.532 | INFO     | __main__:main:114 - I just found a meme! It was amazing.
2025-08-31 21:36:50.532 | INFO     | __main__:main:114 - I just loved an app! It was boring.
2025-08-31 21:36:53.534 | INFO     | __main__:main:114 - I just loved an app! It was boring.
2025-08-31 21:36:56.535 | INFO     | __main__:main:114 - I just tried a trick! It was funny.
2025-08-31 21:36:59.537 | INFO     | __main__:main:114 - I just found a story! It was amazing.
2025-08-31 21:37:02.538 | INFO     | __main__:main:114 - I just shared a meme! It was exciting.
2025-08-31 21:37:05.540 | INFO     | __main__:main:114 - I just loved a movie! It was exciting.
2025-08-31 21:37:08.541 | INFO     | __main__:main:114 - I just tried a trick! It was weird.
2025-08-31 21:37:11.543 | INFO     | __main__:main:114 - I just found a meme! It was weird.
2025-08-31 21:37:14.544 | INFO     | __main__:main:114 - I just saw a meme! It was funny.
2025-08-31 21:37:17.545 | INFO     | __main__:main:114 - I just loved a trick! It was amazing.
2025-08-31 21:37:20.546 | INFO     | __main__:main:114 - I just saw a story! It was amazing.
2025-08-31 21:37:23.548 | INFO     | __main__:main:114 - I just loved an app! It was amazing.
2025-08-31 21:37:26.548 | INFO     | __main__:main:114 - I just found a movie! It was exciting.
2025-08-31 21:37:29.550 | INFO     | __main__:main:114 - I just found a meme! It was funny.
2025-08-31 21:37:32.552 | INFO     | __main__:main:114 - I just found a trick! It was boring.
2025-08-31 21:37:35.553 | INFO     | __main__:main:114 - I just shared a meme! It was exciting.
2025-08-31 21:37:38.555 | INFO     | __main__:main:114 - I just found a meme! It was exciting.
2025-08-31 21:37:41.557 | INFO     | __main__:main:114 - I just tried a meme! It was exciting.
2025-08-31 21:37:44.557 | INFO     | __main__:main:114 - I just tried a story! It was boring.
2025-08-31 21:37:47.559 | INFO     | __main__:main:114 - I just loved a meme! It was boring.
2025-08-31 21:37:50.560 | INFO     | __main__:main:114 - I just tried a movie! It was funny.
2025-08-31 21:37:53.562 | INFO     | __main__:main:114 - I just tried an app! It was funny.
2025-08-31 21:37:56.562 | INFO     | __main__:main:114 - I just found a meme! It was funny.
2025-08-31 21:37:59.563 | INFO     | __main__:main:114 - I just saw a story! It was exciting.
2025-08-31 21:38:02.565 | INFO     | __main__:main:114 - I just saw an app! It was weird.
2025-08-31 21:38:05.566 | INFO     | __main__:main:114 - I just loved an app! It was amazing.
2025-08-31 21:38:08.567 | INFO     | __main__:main:114 - I just found a story! It was boring.
2025-08-31 21:38:11.568 | INFO     | __main__:main:114 - I just tried an app! It was exciting.
2025-08-31 21:38:14.569 | INFO     | __main__:main:114 - I just loved a meme! It was exciting.
2025-08-31 21:38:17.570 | INFO     | __main__:main:114 - I just loved an app! It was boring.
2025-08-31 21:38:20.571 | INFO     | __main__:main:114 - I just saw a trick! It was amazing.
2025-08-31 21:38:23.571 | INFO     | __main__:main:114 - I just found a meme! It was amazing.
2025-08-31 21:38:26.572 | INFO     | __main__:main:114 - I just shared a meme! It was boring.
2025-08-31 21:38:29.574 | INFO     | __main__:main:114 - I just saw a trick! It was funny.
2025-08-31 21:38:32.574 | INFO     | __main__:main:114 - I just shared a meme! It was weird.
2025-08-31 21:38:35.576 | INFO     | __main__:main:114 - I just saw an app! It was weird.
2025-08-31 21:38:38.578 | INFO     | __main__:main:114 - I just loved an app! It was funny.
2025-08-31 21:38:41.579 | INFO     | __main__:main:114 - I just tried a meme! It was boring.
2025-08-31 21:38:44.580 | INFO     | __main__:main:114 - I just loved a meme! It was weird.
2025-08-31 21:38:47.582 | INFO     | __main__:main:114 - I just tried a meme! It was boring.
2025-08-31 21:38:50.583 | INFO     | __main__:main:114 - I just found an app! It was exciting.
2025-08-31 21:38:53.585 | INFO     | __main__:main:114 - I just shared a story! It was amazing.
2025-08-31 21:38:56.587 | INFO     | __main__:main:114 - I just tried a movie! It was funny.
2025-08-31 21:38:59.587 | INFO     | __main__:main:114 - I just tried a meme! It was weird.
2025-08-31 21:39:02.589 | INFO     | __main__:main:114 - I just found an app! It was exciting.
2025-08-31 21:39:05.590 | INFO     | __main__:main:114 - I just shared a story! It was funny.
2025-08-31 21:39:08.591 | INFO     | __main__:main:114 - I just found a trick! It was exciting.
2025-08-31 21:39:11.592 | INFO     | __main__:main:114 - I just found an app! It was funny.
2025-08-31 21:39:14.594 | INFO     | __main__:main:114 - I just tried a movie! It was exciting.
2025-08-31 21:39:17.595 | INFO     | __main__:main:114 - I just loved a story! It was weird.
2025-08-31 21:39:20.597 | INFO     | __main__:main:114 - I just found a movie! It was funny.
2025-08-31 21:39:23.599 | INFO     | __main__:main:114 - I just shared a story! It was weird.
2025-08-31 21:39:26.600 | INFO     | __main__:main:114 - I just loved an app! It was funny.
2025-08-31 21:39:29.602 | INFO     | __main__:main:114 - I just saw a movie! It was amazing.
2025-08-31 21:39:32.604 | INFO     | __main__:main:114 - I just shared a story! It was amazing.
2025-08-31 21:39:35.606 | INFO     | __main__:main:114 - I just shared a story! It was boring.
2025-08-31 21:39:38.607 | INFO     | __main__:main:114 - I just found an app! It was funny.
2025-08-31 21:39:41.609 | INFO     | __main__:main:114 - I just found a story! It was amazing.
2025-08-31 21:39:44.610 | INFO     | __main__:main:114 - I just loved an app! It was funny.
2025-08-31 21:39:47.612 | INFO     | __main__:main:114 - I just shared a movie! It was exciting.
2025-08-31 21:39:50.613 | INFO     | __main__:main:114 - I just found a meme! It was exciting.
2025-08-31 21:39:53.615 | INFO     | __main__:main:114 - I just found a trick! It was boring.
2025-08-31 21:39:56.617 | INFO     | __main__:main:114 - I just saw a trick! It was exciting.
2025-08-31 21:39:59.618 | INFO     | __main__:main:114 - I just saw a trick! It was funny.
2025-08-31 21:40:02.619 | INFO     | __main__:main:114 - I just saw a meme! It was amazing.
2025-08-31 21:40:05.619 | INFO     | __main__:main:114 - I just saw a meme! It was amazing.
2025-08-31 21:40:08.621 | INFO     | __main__:main:114 - I just saw a movie! It was amazing.
2025-08-31 21:40:11.623 | INFO     | __main__:main:114 - I just tried an app! It was funny.
2025-08-31 21:40:14.624 | INFO     | __main__:main:114 - I just tried a story! It was exciting.
2025-08-31 21:40:17.625 | INFO     | __main__:main:114 - I just saw a movie! It was funny.
2025-08-31 21:40:20.626 | INFO     | __main__:main:114 - I just saw an app! It was amazing.
2025-08-31 21:40:23.628 | INFO     | __main__:main:114 - I just tried a story! It was amazing.
2025-08-31 21:40:26.629 | INFO     | __main__:main:114 - I just loved a meme! It was amazing.
2025-08-31 21:40:29.631 | INFO     | __main__:main:114 - I just loved an app! It was weird.
2025-08-31 21:40:32.632 | INFO     | __main__:main:114 - I just shared a movie! It was amazing.
2025-08-31 21:40:35.634 | INFO     | __main__:main:114 - I just loved a movie! It was amazing.
2025-08-31 21:40:38.635 | INFO     | __main__:main:114 - I just loved a meme! It was boring.
2025-08-31 21:40:41.636 | INFO     | __main__:main:114 - I just found a meme! It was funny.
2025-08-31 21:40:44.637 | INFO     | __main__:main:114 - I just shared a meme! It was funny.
2025-08-31 21:40:47.638 | INFO     | __main__:main:114 - I just tried an app! It was boring.
2025-08-31 21:40:50.640 | INFO     | __main__:main:114 - I just tried a trick! It was exciting.
2025-08-31 21:40:53.642 | INFO     | __main__:main:114 - I just saw a story! It was funny.
2025-08-31 21:40:56.643 | INFO     | __main__:main:114 - I just tried a meme! It was boring.
2025-08-31 21:40:59.645 | INFO     | __main__:main:114 - I just loved a movie! It was exciting.
2025-08-31 21:41:02.646 | INFO     | __main__:main:114 - I just saw a story! It was funny.
2025-08-31 21:41:05.648 | INFO     | __main__:main:114 - I just shared a story! It was exciting.
2025-08-31 21:41:08.648 | INFO     | __main__:main:114 - I just saw a story! It was exciting.
2025-08-31 21:41:11.649 | INFO     | __main__:main:114 - I just tried a meme! It was boring.
2025-08-31 21:41:14.650 | INFO     | __main__:main:114 - I just found an app! It was exciting.
2025-08-31 21:41:17.652 | INFO     | __main__:main:114 - I just shared an app! It was weird.
2025-08-31 21:41:20.653 | INFO     | __main__:main:114 - I just saw a trick! It was funny.
2025-08-31 21:41:23.655 | INFO     | __main__:main:114 - I just found a meme! It was weird.
2025-08-31 21:41:26.656 | INFO     | __main__:main:114 - I just saw a trick! It was funny.
2025-08-31 21:41:29.658 | INFO     | __main__:main:114 - I just found a trick! It was weird.
2025-08-31 21:41:32.659 | INFO     | __main__:main:114 - I just found a meme! It was funny.
2025-08-31 21:41:35.661 | INFO     | __main__:main:114 - I just shared a story! It was exciting.
2025-08-31 21:41:38.662 | INFO     | __main__:main:114 - I just saw a movie! It was funny.
2025-08-31 21:41:41.663 | INFO     | __main__:main:114 - I just saw a meme! It was weird.
2025-08-31 21:41:44.665 | INFO     | __main__:main:114 - I just loved a movie! It was exciting.
2025-08-31 21:41:47.666 | INFO     | __main__:main:114 - I just loved a movie! It was boring.
2025-08-31 21:41:50.668 | INFO     | __main__:main:114 - I just found a trick! It was amazing.
2025-08-31 21:41:53.669 | INFO     | __main__:main:114 - I just found a story! It was weird.
2025-08-31 21:41:56.671 | INFO     | __main__:main:114 - I just shared a movie! It was funny.
2025-08-31 21:41:59.673 | INFO     | __main__:main:114 - I just loved a movie! It was weird.
2025-08-31 21:42:02.674 | INFO     | __main__:main:114 - I just saw a meme! It was funny.
2025-08-31 21:42:05.676 | INFO     | __main__:main:114 - I just loved an app! It was amazing.
2025-08-31 21:42:08.677 | INFO     | __main__:main:114 - I just found a movie! It was exciting.
2025-08-31 21:42:11.678 | INFO     | __main__:main:114 - I just loved a story! It was exciting.
2025-08-31 21:42:14.678 | INFO     | __main__:main:114 - I just shared a movie! It was weird.
2025-08-31 21:42:17.680 | INFO     | __main__:main:114 - I just shared a story! It was weird.
2025-08-31 21:42:20.682 | INFO     | __main__:main:114 - I just tried a story! It was boring.
2025-08-31 21:42:23.682 | INFO     | __main__:main:114 - I just shared a movie! It was exciting.
2025-08-31 21:42:26.683 | INFO     | __main__:main:114 - I just tried a story! It was amazing.
2025-08-31 21:42:29.684 | INFO     | __main__:main:114 - I just tried a story! It was exciting.
2025-08-31 21:42:32.684 | INFO     | __main__:main:114 - I just saw a meme! It was amazing.
2025-08-31 21:42:35.685 | INFO     | __main__:main:114 - I just found a story! It was amazing.
2025-08-31 21:42:38.686 | INFO     | __main__:main:114 - I just saw a movie! It was amazing.
2025-08-31 21:42:41.687 | INFO     | __main__:main:114 - I just found a meme! It was amazing.
2025-08-31 21:42:44.689 | INFO     | __main__:main:114 - I just saw a trick! It was boring.
2025-08-31 21:42:47.691 | INFO     | __main__:main:114 - I just loved a meme! It was funny.
2025-08-31 21:42:50.692 | INFO     | __main__:main:114 - I just shared a movie! It was weird.
2025-08-31 21:42:53.694 | INFO     | __main__:main:114 - I just tried a meme! It was weird.
2025-08-31 21:42:56.695 | INFO     | __main__:main:114 - I just shared a movie! It was weird.
2025-08-31 21:42:59.697 | INFO     | __main__:main:114 - I just found a trick! It was amazing.
2025-08-31 21:43:02.698 | INFO     | __main__:main:114 - I just found a movie! It was exciting.
2025-08-31 21:43:05.699 | INFO     | __main__:main:114 - I just found an app! It was exciting.
2025-08-31 21:43:08.700 | INFO     | __main__:main:114 - I just saw a trick! It was exciting.
2025-08-31 21:43:11.702 | INFO     | __main__:main:114 - I just loved a trick! It was amazing.
2025-08-31 21:43:14.703 | INFO     | __main__:main:114 - I just found an app! It was funny.
2025-08-31 21:43:17.704 | INFO     | __main__:main:114 - I just found an app! It was boring.
2025-08-31 21:43:20.705 | INFO     | __main__:main:114 - I just saw a story! It was amazing.
2025-08-31 21:43:23.707 | INFO     | __main__:main:114 - I just saw a story! It was exciting.
2025-08-31 21:43:26.708 | INFO     | __main__:main:114 - I just loved a story! It was amazing.
2025-08-31 21:43:29.709 | INFO     | __main__:main:114 - I just found a story! It was funny.
2025-08-31 21:43:32.710 | INFO     | __main__:main:114 - I just loved a trick! It was exciting.
2025-08-31 21:43:35.711 | INFO     | __main__:main:114 - I just loved a story! It was amazing.
2025-08-31 21:43:38.711 | INFO     | __main__:main:114 - I just tried a movie! It was boring.
2025-08-31 21:43:41.714 | INFO     | __main__:main:114 - I just loved a trick! It was amazing.
2025-08-31 21:43:44.716 | INFO     | __main__:main:114 - I just saw a trick! It was amazing.
2025-08-31 21:43:47.718 | INFO     | __main__:main:114 - I just loved a meme! It was amazing.
2025-08-31 21:43:50.718 | INFO     | __main__:main:114 - I just shared a movie! It was weird.
2025-08-31 21:43:53.720 | INFO     | __main__:main:114 - I just tried a meme! It was exciting.
2025-08-31 21:43:56.721 | INFO     | __main__:main:114 - I just saw a story! It was weird.
2025-08-31 21:43:59.722 | INFO     | __main__:main:114 - I just shared a story! It was boring.
2025-08-31 21:44:02.723 | INFO     | __main__:main:114 - I just saw a movie! It was boring.
2025-08-31 21:44:05.724 | INFO     | __main__:main:114 - I just tried a story! It was funny.
2025-08-31 21:44:08.725 | INFO     | __main__:main:114 - I just saw a story! It was exciting.
2025-08-31 21:44:11.728 | INFO     | __main__:main:114 - I just shared a movie! It was weird.
2025-08-31 21:44:14.728 | INFO     | __main__:main:114 - I just found a trick! It was weird.
2025-08-31 21:44:17.729 | INFO     | __main__:main:114 - I just saw a meme! It was funny.
2025-08-31 21:44:20.731 | INFO     | __main__:main:114 - I just shared a movie! It was boring.
2025-08-31 21:44:23.733 | INFO     | __main__:main:114 - I just loved a story! It was boring.
2025-08-31 21:44:26.735 | INFO     | __main__:main:114 - I just shared a meme! It was weird.
2025-08-31 21:44:29.736 | INFO     | __main__:main:114 - I just tried a trick! It was exciting.
2025-08-31 21:44:32.738 | INFO     | __main__:main:114 - I just loved a movie! It was boring.
2025-08-31 21:44:35.739 | INFO     | __main__:main:114 - I just shared a movie! It was funny.
2025-08-31 21:44:38.740 | INFO     | __main__:main:114 - I just loved a meme! It was amazing.
2025-08-31 21:44:41.742 | INFO     | __main__:main:114 - I just tried a story! It was funny.
2025-08-31 21:44:44.743 | INFO     | __main__:main:114 - I just saw a trick! It was funny.
2025-08-31 21:44:47.745 | INFO     | __main__:main:114 - I just saw an app! It was exciting.
2025-08-31 21:44:50.746 | INFO     | __main__:main:114 - I just saw an app! It was boring.
2025-08-31 21:44:53.748 | INFO     | __main__:main:114 - I just saw a trick! It was amazing.
2025-08-31 21:44:56.748 | INFO     | __main__:main:114 - I just tried a trick! It was amazing.
2025-08-31 21:44:59.750 | INFO     | __main__:main:114 - I just saw a movie! It was funny.
2025-08-31 21:45:02.751 | INFO     | __main__:main:114 - I just tried a movie! It was exciting.
2025-08-31 21:45:05.753 | INFO     | __main__:main:114 - I just loved a story! It was amazing.
2025-08-31 21:45:08.755 | INFO     | __main__:main:114 - I just found a story! It was boring.
2025-08-31 21:45:11.756 | INFO     | __main__:main:114 - I just found a story! It was funny.
2025-08-31 21:45:14.758 | INFO     | __main__:main:114 - I just found a trick! It was exciting.
2025-08-31 21:45:17.759 | INFO     | __main__:main:114 - I just loved a meme! It was exciting.
2025-08-31 21:45:20.760 | INFO     | __main__:main:114 - I just saw a meme! It was amazing.
2025-08-31 21:45:23.762 | INFO     | __main__:main:114 - I just tried a meme! It was weird.
2025-08-31 21:45:26.763 | INFO     | __main__:main:114 - I just shared a story! It was funny.
2025-08-31 21:45:29.765 | INFO     | __main__:main:114 - I just shared an app! It was amazing.
2025-08-31 21:45:32.766 | INFO     | __main__:main:114 - I just saw a story! It was exciting.
2025-08-31 21:45:35.768 | INFO     | __main__:main:114 - I just saw a movie! It was weird.
2025-08-31 21:45:38.769 | INFO     | __main__:main:114 - I just tried an app! It was boring.
2025-08-31 21:45:41.771 | INFO     | __main__:main:114 - I just loved an app! It was weird.
2025-08-31 21:45:44.771 | INFO     | __main__:main:114 - I just loved a story! It was funny.
2025-08-31 21:45:47.773 | INFO     | __main__:main:114 - I just saw a trick! It was boring.
2025-08-31 21:45:50.775 | INFO     | __main__:main:114 - I just loved a movie! It was amazing.
2025-08-31 21:45:53.776 | INFO     | __main__:main:114 - I just shared a meme! It was weird.
2025-08-31 21:45:56.778 | INFO     | __main__:main:114 - I just tried a story! It was exciting.
2025-08-31 21:45:59.779 | INFO     | __main__:main:114 - I just shared a movie! It was exciting.
2025-08-31 21:46:02.781 | INFO     | __main__:main:114 - I just loved a story! It was boring.
2025-08-31 21:46:05.782 | INFO     | __main__:main:114 - I just saw a movie! It was boring.
2025-08-31 21:46:08.783 | INFO     | __main__:main:114 - I just shared an app! It was exciting.
2025-08-31 21:46:11.784 | INFO     | __main__:main:114 - I just shared a story! It was amazing.
2025-08-31 21:46:14.786 | INFO     | __main__:main:114 - I just saw an app! It was funny.
2025-08-31 21:46:17.787 | INFO     | __main__:main:114 - I just loved a story! It was funny.
2025-08-31 21:46:20.789 | INFO     | __main__:main:114 - I just saw a trick! It was funny.
2025-08-31 21:46:23.790 | INFO     | __main__:main:114 - I just shared a trick! It was funny.
2025-08-31 21:46:26.791 | INFO     | __main__:main:114 - I just loved a movie! It was weird.
2025-08-31 21:46:29.793 | INFO     | __main__:main:114 - I just saw a trick! It was boring.
2025-08-31 21:46:32.793 | INFO     | __main__:main:114 - I just shared a story! It was exciting.
2025-08-31 21:46:35.795 | INFO     | __main__:main:114 - I just tried a meme! It was exciting.
2025-08-31 21:46:38.795 | INFO     | __main__:main:114 - I just tried a movie! It was exciting.
2025-08-31 21:46:41.797 | INFO     | __main__:main:114 - I just found a meme! It was boring.
2025-08-31 21:46:44.799 | INFO     | __main__:main:114 - I just found a trick! It was boring.
2025-08-31 21:46:47.800 | INFO     | __main__:main:114 - I just tried a trick! It was funny.
2025-08-31 21:46:50.801 | INFO     | __main__:main:114 - I just found a story! It was amazing.
2025-08-31 21:46:53.802 | INFO     | __main__:main:114 - I just shared a meme! It was weird.
2025-08-31 21:46:56.803 | INFO     | __main__:main:114 - I just loved a story! It was boring.
2025-08-31 21:46:59.805 | INFO     | __main__:main:114 - I just loved an app! It was weird.
2025-08-31 21:47:02.805 | INFO     | __main__:main:114 - I just found a story! It was weird.
2025-08-31 21:47:05.806 | INFO     | __main__:main:114 - I just loved an app! It was amazing.
2025-08-31 21:47:08.808 | INFO     | __main__:main:114 - I just tried a trick! It was amazing.
2025-08-31 21:47:11.809 | INFO     | __main__:main:114 - I just found a trick! It was funny.
2025-08-31 21:47:14.809 | INFO     | __main__:main:114 - I just shared a movie! It was amazing.
2025-08-31 21:47:17.811 | INFO     | __main__:main:114 - I just loved a story! It was exciting.
2025-08-31 21:47:20.812 | INFO     | __main__:main:114 - I just tried a meme! It was funny.
2025-08-31 21:47:23.813 | INFO     | __main__:main:114 - I just tried an app! It was weird.
2025-08-31 21:47:26.814 | INFO     | __main__:main:114 - I just found a meme! It was funny.
2025-08-31 21:47:29.816 | INFO     | __main__:main:114 - I just found a trick! It was amazing.
2025-08-31 21:47:32.817 | INFO     | __main__:main:114 - I just tried a movie! It was boring.
2025-08-31 21:47:35.819 | INFO     | __main__:main:114 - I just found a movie! It was amazing.
2025-08-31 21:47:38.820 | INFO     | __main__:main:114 - I just saw an app! It was weird.
2025-08-31 21:47:41.821 | INFO     | __main__:main:114 - I just saw a trick! It was boring.
2025-08-31 21:47:44.822 | INFO     | __main__:main:114 - I just tried a movie! It was exciting.
2025-08-31 21:47:47.823 | INFO     | __main__:main:114 - I just saw a story! It was exciting.
2025-08-31 21:47:50.824 | INFO     | __main__:main:114 - I just loved a meme! It was funny.
2025-08-31 21:47:53.824 | INFO     | __main__:main:114 - I just tried an app! It was amazing.
2025-08-31 21:47:56.825 | INFO     | __main__:main:114 - I just tried a meme! It was funny.
2025-08-31 21:47:59.827 | INFO     | __main__:main:114 - I just saw a story! It was boring.
2025-08-31 21:48:02.828 | INFO     | __main__:main:114 - I just tried a movie! It was amazing.
2025-08-31 21:48:05.829 | INFO     | __main__:main:114 - I just loved a story! It was funny.
2025-08-31 21:48:08.830 | INFO     | __main__:main:114 - I just saw an app! It was funny.
2025-08-31 21:48:11.832 | INFO     | __main__:main:114 - I just saw a trick! It was boring.
2025-08-31 21:48:14.834 | INFO     | __main__:main:114 - I just tried a meme! It was funny.
2025-08-31 21:48:17.836 | INFO     | __main__:main:114 - I just shared a story! It was boring.
2025-08-31 21:48:20.837 | INFO     | __main__:main:114 - I just saw an app! It was funny.
2025-08-31 21:48:23.839 | INFO     | __main__:main:114 - I just saw an app! It was exciting.
2025-08-31 21:48:26.841 | INFO     | __main__:main:114 - I just loved a meme! It was funny.
2025-08-31 21:48:29.842 | INFO     | __main__:main:114 - I just loved a meme! It was funny.
2025-08-31 21:48:32.844 | INFO     | __main__:main:114 - I just shared a movie! It was boring.
2025-08-31 21:48:35.846 | INFO     | __main__:main:114 - I just shared a meme! It was amazing.
2025-08-31 21:48:38.846 | INFO     | __main__:main:114 - I just saw a story! It was exciting.
2025-08-31 21:48:41.848 | INFO     | __main__:main:114 - I just tried a meme! It was boring.
2025-08-31 21:48:44.849 | INFO     | __main__:main:114 - I just tried a story! It was amazing.
2025-08-31 21:48:47.851 | INFO     | __main__:main:114 - I just loved a story! It was boring.
2025-08-31 21:48:50.852 | INFO     | __main__:main:114 - I just shared a movie! It was funny.
2025-08-31 21:48:53.853 | INFO     | __main__:main:114 - I just saw a trick! It was boring.
2025-08-31 21:48:56.855 | INFO     | __main__:main:114 - I just tried a story! It was funny.
2025-08-31 21:48:59.856 | INFO     | __main__:main:114 - I just found a trick! It was amazing.
2025-08-31 21:49:02.857 | INFO     | __main__:main:114 - I just found an app! It was boring.
2025-08-31 21:49:05.858 | INFO     | __main__:main:114 - I just tried a meme! It was funny.
2025-09-01 23:13:08.415 | INFO     | utils.utils_logger:<module>:38 - Logging to file: logs\project_log.log
2025-09-01 23:13:08.417 | INFO     | __main__:main:106 - START producer...
2025-09-01 23:13:08.417 | INFO     | __main__:main:107 - Hit CTRL c (or CMD c) to close.
2025-09-01 23:13:08.417 | INFO     | __main__:get_message_interval:53 - Messages will be sent every 3 seconds.
2025-09-01 23:13:08.417 | INFO     | __main__:main:114 - I just saw a meme! It was weird.
2025-09-01 23:13:11.418 | INFO     | __main__:main:114 - I just tried a trick! It was funny.
2025-09-01 23:13:14.419 | INFO     | __main__:main:114 - I just tried an app! It was weird.
2025-09-01 23:13:17.421 | INFO     | __main__:main:114 - I just saw an app! It was weird.
2025-09-01 23:13:20.421 | INFO     | __main__:main:114 - I just shared a meme! It was exciting.
2025-09-01 23:13:23.422 | INFO     | __main__:main:114 - I just shared a meme! It was exciting.
2025-09-01 23:13:26.424 | INFO     | __main__:main:114 - I just tried a trick! It was boring.
2025-09-01 23:13:29.425 | INFO     | __main__:main:114 - I just saw a story! It was exciting.
2025-09-01 23:21:04.962 | INFO     | utils.utils_logger:<module>:38 - Logging to file: logs\project_log.log
2025-09-01 23:21:04.963 | INFO     | __main__:main:106 - START producer...
2025-09-01 23:21:04.964 | INFO     | __main__:main:107 - Hit CTRL c (or CMD c) to close.
2025-09-01 23:21:04.964 | INFO     | __main__:get_message_interval:53 - Messages will be sent every 3 seconds.
2025-09-01 23:21:04.964 | INFO     | __main__:main:114 - Breaking news! I just watched a movie and it was absolutely mind-blowing!
2025-09-01 23:21:07.965 | INFO     | __main__:main:114 - Breaking news! I just discovered a gadget and it was absolutely funny!
2025-09-01 23:21:10.966 | INFO     | __main__:main:114 - Breaking news! I just loved an app and it was absolutely shocking!
2025-09-01 23:21:13.968 | INFO     | __main__:main:114 - Breaking news! I just watched a viral meme and it was absolutely incredible!
2025-09-01 23:21:16.969 | INFO     | __main__:main:114 - Breaking news! I just loved an app and it was absolutely amazing!
2025-09-01 23:21:19.970 | INFO     | __main__:main:114 - Breaking news! I just discovered an app and it was absolutely mind-blowing!
2025-09-01 23:21:22.971 | INFO     | __main__:main:114 - Breaking news! I just shared a book and it was absolutely shocking!
2025-09-01 23:21:25.973 | INFO     | __main__:main:114 - Breaking news! I just watched a gadget and it was absolutely mind-blowing!
2025-09-01 23:21:28.974 | INFO     | __main__:main:114 - Breaking news! I just loved a viral meme and it was absolutely incredible!
2025-09-01 23:21:31.975 | INFO     | __main__:main:114 - Breaking news! I just watched a book and it was absolutely amazing!
2025-09-01 23:21:34.976 | INFO     | __main__:main:114 - Breaking news! I just loved a viral meme and it was absolutely incredible!
2025-09-01 23:21:37.978 | INFO     | __main__:main:114 - Breaking news! I just loved a viral meme and it was absolutely shocking!
2025-09-01 23:21:40.979 | INFO     | __main__:main:114 - Breaking news! I just shared a movie and it was absolutely amazing!
2025-09-01 23:21:43.980 | INFO     | __main__:main:114 - Breaking news! I just watched a movie and it was absolutely mind-blowing!
2025-09-01 23:21:46.981 | INFO     | __main__:main:114 - Breaking news! I just found a gadget and it was absolutely shocking!
2025-09-01 23:21:49.981 | INFO     | __main__:main:114 - Breaking news! I just loved an app and it was absolutely mind-blowing!
2025-09-01 23:21:52.982 | INFO     | __main__:main:114 - Breaking news! I just loved a viral meme and it was absolutely incredible!
2025-09-01 23:21:55.983 | INFO     | __main__:main:114 - Breaking news! I just shared an app and it was absolutely incredible!
2025-09-01 23:21:58.984 | INFO     | __main__:main:114 - Breaking news! I just shared a movie and it was absolutely amazing!
2025-09-01 23:22:01.986 | INFO     | __main__:main:114 - Breaking news! I just shared a book and it was absolutely mind-blowing!
2025-09-01 23:22:04.988 | INFO     | __main__:main:114 - Breaking news! I just watched a gadget and it was absolutely incredible!
2025-09-01 23:22:07.989 | INFO     | __main__:main:114 - Breaking news! I just watched a movie and it was absolutely shocking!
2025-09-01 23:22:10.990 | INFO     | __main__:main:114 - Breaking news! I just discovered a book and it was absolutely mind-blowing!
2025-09-01 23:22:13.992 | INFO     | __main__:main:114 - Breaking news! I just discovered an app and it was absolutely amazing!
2025-09-01 23:22:16.994 | INFO     | __main__:main:114 - Breaking news! I just discovered a gadget and it was absolutely shocking!
2025-09-01 23:22:19.996 | INFO     | __main__:main:114 - Breaking news! I just discovered a movie and it was absolutely incredible!
2025-09-01 23:22:22.997 | INFO     | __main__:main:114 - Breaking news! I just found a gadget and it was absolutely incredible!
2025-09-01 23:22:25.998 | INFO     | __main__:main:114 - Breaking news! I just watched a book and it was absolutely mind-blowing!
2025-09-01 23:22:29.000 | INFO     | __main__:main:114 - Breaking news! I just watched a viral meme and it was absolutely funny!
2025-09-01 23:22:32.001 | INFO     | __main__:main:114 - Breaking news! I just shared a viral meme and it was absolutely mind-blowing!
2025-09-01 23:22:35.002 | INFO     | __main__:main:114 - Breaking news! I just found a book and it was absolutely shocking!
2025-09-01 23:22:38.004 | INFO     | __main__:main:114 - Breaking news! I just shared a book and it was absolutely funny!
2025-09-01 23:22:41.006 | INFO     | __main__:main:114 - Breaking news! I just loved a gadget and it was absolutely incredible!
2025-09-01 23:22:44.007 | INFO     | __main__:main:114 - Breaking news! I just loved a gadget and it was absolutely funny!
2025-09-01 23:22:47.009 | INFO     | __main__:main:114 - Breaking news! I just discovered a viral meme and it was absolutely amazing!
2025-09-01 23:22:50.011 | INFO     | __main__:main:114 - Breaking news! I just discovered a viral meme and it was absolutely incredible!
2025-09-01 23:22:53.012 | INFO     | __main__:main:114 - Breaking news! I just watched a viral meme and it was absolutely mind-blowing!
2025-09-01 23:22:56.014 | INFO     | __main__:main:114 - Breaking news! I just loved a book and it was absolutely incredible!
2025-09-01 23:22:59.016 | INFO     | __main__:main:114 - Breaking news! I just watched an app and it was absolutely funny!
2025-09-01 23:23:02.017 | INFO     | __main__:main:114 - Breaking news! I just watched an app and it was absolutely incredible!
2025-09-01 23:23:05.018 | INFO     | __main__:main:114 - Breaking news! I just found a viral meme and it was absolutely shocking!
2025-09-01 23:23:08.020 | INFO     | __main__:main:114 - Breaking news! I just found an app and it was absolutely amazing!
2025-09-01 23:23:11.022 | INFO     | __main__:main:114 - Breaking news! I just discovered a viral meme and it was absolutely funny!
2025-09-01 23:23:14.023 | INFO     | __main__:main:114 - Breaking news! I just loved an app and it was absolutely mind-blowing!
2025-09-01 23:23:17.024 | INFO     | __main__:main:114 - Breaking news! I just loved an app and it was absolutely incredible!
2025-09-01 23:23:20.025 | INFO     | __main__:main:114 - Breaking news! I just found an app and it was absolutely funny!
2025-09-01 23:23:23.026 | INFO     | __main__:main:114 - Breaking news! I just loved a movie and it was absolutely amazing!
2025-09-01 23:23:26.027 | INFO     | __main__:main:114 - Breaking news! I just discovered a movie and it was absolutely funny!
2025-09-01 23:23:29.029 | INFO     | __main__:main:114 - Breaking news! I just found an app and it was absolutely mind-blowing!
2025-09-01 23:23:32.031 | INFO     | __main__:main:114 - Breaking news! I just shared a book and it was absolutely shocking!
